<?xml version="1.0" encoding="UTF-8"?>
<testng-results skipped="0" failed="0" ignored="0" total="1" passed="1">
  <reporter-output>
  </reporter-output>
  <suite name="Suite" duration-ms="9387" started-at="2019-02-20T17:45:03Z" finished-at="2019-02-20T17:45:13Z">
    <groups>
    </groups>
    <test name="Test" duration-ms="9387" started-at="2019-02-20T17:45:03Z" finished-at="2019-02-20T17:45:13Z">
      <class name="TestNgEx.MyfirstLiseners">
        <test-method status="PASS" signature="googletitleverify()[pri:0, instance:TestNgEx.MyfirstLiseners@62ee68d8]" name="googletitleverify" duration-ms="9337" started-at="2019-02-20T17:45:03Z" finished-at="2019-02-20T17:45:13Z">
          <reporter-output>
          </reporter-output>
        </test-method> <!-- googletitleverify -->
      </class> <!-- TestNgEx.MyfirstLiseners -->
    </test> <!-- Test -->
  </suite> <!-- Suite -->
</testng-results>
